-Xajruntimetarget:1.5
-1.8
-encoding
utf8
-source
1.8
-target
1.8
-classpath
C:\Users\梁望\.m2\repository\commons-io\commons-io\2.13.0\commons-io-2.13.0.jar;C:\Users\梁望\.m2\repository\cglib\cglib\3.3.0\cglib-3.3.0.jar;C:\Users\梁望\.m2\repository\org\ow2\asm\asm\7.1\asm-7.1.jar;C:\Users\梁望\.m2\repository\javax\servlet\javax.servlet-api\4.0.1\javax.servlet-api-4.0.1.jar;C:\Users\梁望\.m2\repository\org\reflections\reflections\0.10.2\reflections-0.10.2.jar;C:\Users\梁望\.m2\repository\org\javassist\javassist\3.28.0-GA\javassist-3.28.0-GA.jar;C:\Users\梁望\.m2\repository\com\google\code\findbugs\jsr305\3.0.2\jsr305-3.0.2.jar;C:\Users\梁望\.m2\repository\org\slf4j\slf4j-api\1.7.32\slf4j-api-1.7.32.jar;C:\Users\梁望\.m2\repository\org\aspectj\aspectjrt\1.9.20.1\aspectjrt-1.9.20.1.jar;C:\Users\梁望\.m2\repository\org\aspectj\aspectjtools\1.9.20.1\aspectjtools-1.9.20.1.jar;C:\Users\梁望\.m2\repository\org\aspectj\aspectjweaver\1.9.20.1\aspectjweaver-1.9.20.1.jar;D:\project\design-pattern\design-patterns-basic\target\classes
-d
D:\project\design-pattern\design-patterns-basic\target\classes
-s
D:\project\design-pattern\design-patterns-basic\target\generated-sources\aspectj-maven-plugin
D:\project\design-pattern\design-patterns-basic\src\main\java\com\able\adapter\clazz\ClassAdapter.java
D:\project\design-pattern\design-patterns-basic\src\main\java\com\able\adapter\clazz\ClassAdapterTest.java
D:\project\design-pattern\design-patterns-basic\src\main\java\com\able\adapter\common\Adaptee.java
D:\project\design-pattern\design-patterns-basic\src\main\java\com\able\adapter\common\Target.java
D:\project\design-pattern\design-patterns-basic\src\main\java\com\able\adapter\intfs\AbstractAdapter.java
D:\project\design-pattern\design-patterns-basic\src\main\java\com\able\adapter\intfs\Adapter.java
D:\project\design-pattern\design-patterns-basic\src\main\java\com\able\adapter\intfs\InterfaceAdapterTest.java
D:\project\design-pattern\design-patterns-basic\src\main\java\com\able\adapter\intfs\Target.java
D:\project\design-pattern\design-patterns-basic\src\main\java\com\able\adapter\object\ObjectAdapter.java
D:\project\design-pattern\design-patterns-basic\src\main\java\com\able\adapter\object\ObjectAdapterTest.java
D:\project\design-pattern\design-patterns-basic\src\main\java\com\able\aop\log\LoggingAspect.java
D:\project\design-pattern\design-patterns-basic\src\main\java\com\able\aop\log\MyAnnotation.java
D:\project\design-pattern\design-patterns-basic\src\main\java\com\able\aop\log\UserService.java
D:\project\design-pattern\design-patterns-basic\src\main\java\com\able\aop\log\UserServiceImpl.java
D:\project\design-pattern\design-patterns-basic\src\main\java\com\able\aop\Test.java
D:\project\design-pattern\design-patterns-basic\src\main\java\com\able\builder\domain\Member.java
D:\project\design-pattern\design-patterns-basic\src\main\java\com\able\builder\domain\Order.java
D:\project\design-pattern\design-patterns-basic\src\main\java\com\able\builder\domain\SelectedPlans.java
D:\project\design-pattern\design-patterns-basic\src\main\java\com\able\builder\domain\UserProfile.java
D:\project\design-pattern\design-patterns-basic\src\main\java\com\able\builder\IntegrationBuilder.java
D:\project\design-pattern\design-patterns-basic\src\main\java\com\able\builder\IntegrationData.java
D:\project\design-pattern\design-patterns-basic\src\main\java\com\able\builder\IntegrationDirector.java
D:\project\design-pattern\design-patterns-basic\src\main\java\com\able\builder\Test.java
D:\project\design-pattern\design-patterns-basic\src\main\java\com\able\builder\XHFIntegrationBuilder.java
D:\project\design-pattern\design-patterns-basic\src\main\java\com\able\chain\responsibility\demo1\AbstarctHandler.java
D:\project\design-pattern\design-patterns-basic\src\main\java\com\able\chain\responsibility\demo1\ChainClient.java
D:\project\design-pattern\design-patterns-basic\src\main\java\com\able\chain\responsibility\demo1\ConcreteHandlerA.java
D:\project\design-pattern\design-patterns-basic\src\main\java\com\able\chain\responsibility\demo1\ConcreteHandlerB.java
D:\project\design-pattern\design-patterns-basic\src\main\java\com\able\chain\responsibility\demo1\ConcreteHandlerZ.java
D:\project\design-pattern\design-patterns-basic\src\main\java\com\able\chain\responsibility\demo2\domain\Request.java
D:\project\design-pattern\design-patterns-basic\src\main\java\com\able\chain\responsibility\demo2\domain\Response.java
D:\project\design-pattern\design-patterns-basic\src\main\java\com\able\chain\responsibility\demo2\Filter.java
D:\project\design-pattern\design-patterns-basic\src\main\java\com\able\chain\responsibility\demo2\FilterChain.java
D:\project\design-pattern\design-patterns-basic\src\main\java\com\able\chain\responsibility\demo3\ChainDemo.java
D:\project\design-pattern\design-patterns-basic\src\main\java\com\able\chain\responsibility\demo4\CheckAuthority.java
D:\project\design-pattern\design-patterns-basic\src\main\java\com\able\composite\Articles.java
D:\project\design-pattern\design-patterns-basic\src\main\java\com\able\composite\Bags.java
D:\project\design-pattern\design-patterns-basic\src\main\java\com\able\composite\Goods.java
D:\project\design-pattern\design-patterns-basic\src\main\java\com\able\composite\SafeModeShopping.java
D:\project\design-pattern\design-patterns-basic\src\main\java\com\able\composite\TransparentModeShopping.java
D:\project\design-pattern\design-patterns-basic\src\main\java\com\able\decorator\demo1\Component.java
D:\project\design-pattern\design-patterns-basic\src\main\java\com\able\decorator\demo1\ConcreteComponent.java
D:\project\design-pattern\design-patterns-basic\src\main\java\com\able\decorator\demo1\ConcreteDecorator.java
D:\project\design-pattern\design-patterns-basic\src\main\java\com\able\decorator\demo1\Decorator.java
D:\project\design-pattern\design-patterns-basic\src\main\java\com\able\decorator\demo2\Decorator.java
D:\project\design-pattern\design-patterns-basic\src\main\java\com\able\decorator\demo2\Father.java
D:\project\design-pattern\design-patterns-basic\src\main\java\com\able\decorator\demo2\FourthGradeSchoolReport.java
D:\project\design-pattern\design-patterns-basic\src\main\java\com\able\decorator\demo2\HighScoreDecorator.java
D:\project\design-pattern\design-patterns-basic\src\main\java\com\able\decorator\demo2\SchoolReport.java
D:\project\design-pattern\design-patterns-basic\src\main\java\com\able\decorator\demo2\SortScoreDecorator.java
D:\project\design-pattern\design-patterns-basic\src\main\java\com\able\delegate\leader\Boss.java
D:\project\design-pattern\design-patterns-basic\src\main\java\com\able\delegate\leader\EmployeeA.java
D:\project\design-pattern\design-patterns-basic\src\main\java\com\able\delegate\leader\EmployeeB.java
D:\project\design-pattern\design-patterns-basic\src\main\java\com\able\delegate\leader\IEmployee.java
D:\project\design-pattern\design-patterns-basic\src\main\java\com\able\delegate\leader\Leader.java
D:\project\design-pattern\design-patterns-basic\src\main\java\com\able\delegate\mvc\controllers\MemberAction.java
D:\project\design-pattern\design-patterns-basic\src\main\java\com\able\delegate\mvc\controllers\OrderAction.java
D:\project\design-pattern\design-patterns-basic\src\main\java\com\able\delegate\mvc\controllers\SystemAction.java
D:\project\design-pattern\design-patterns-basic\src\main\java\com\able\delegate\mvc\DispatcherServlet.java
D:\project\design-pattern\design-patterns-basic\src\main\java\com\able\delegate\mvc\Handler.java
D:\project\design-pattern\design-patterns-basic\src\main\java\com\able\facade\Computer.java
D:\project\design-pattern\design-patterns-basic\src\main\java\com\able\facade\Cpu.java
D:\project\design-pattern\design-patterns-basic\src\main\java\com\able\facade\Ddr.java
D:\project\design-pattern\design-patterns-basic\src\main\java\com\able\facade\Facade.java
D:\project\design-pattern\design-patterns-basic\src\main\java\com\able\facade\Ssd.java
D:\project\design-pattern\design-patterns-basic\src\main\java\com\able\facade\Test.java
D:\project\design-pattern\design-patterns-basic\src\main\java\com\able\factory\abs\AbstractFactory.java
D:\project\design-pattern\design-patterns-basic\src\main\java\com\able\factory\abs\AbstractFactoryTest.java
D:\project\design-pattern\design-patterns-basic\src\main\java\com\able\factory\abs\BluetoothFactory.java
D:\project\design-pattern\design-patterns-basic\src\main\java\com\able\factory\abs\WiFiFactory.java
D:\project\design-pattern\design-patterns-basic\src\main\java\com\able\factory\BluetoothReciver.java
D:\project\design-pattern\design-patterns-basic\src\main\java\com\able\factory\BluetoothSender.java
D:\project\design-pattern\design-patterns-basic\src\main\java\com\able\factory\method\BluetoothSenderFactory.java
D:\project\design-pattern\design-patterns-basic\src\main\java\com\able\factory\method\SenderFactory.java
D:\project\design-pattern\design-patterns-basic\src\main\java\com\able\factory\method\Test.java
D:\project\design-pattern\design-patterns-basic\src\main\java\com\able\factory\method\WiFiSenderFactory.java
D:\project\design-pattern\design-patterns-basic\src\main\java\com\able\factory\Reciver.java
D:\project\design-pattern\design-patterns-basic\src\main\java\com\able\factory\Sender.java
D:\project\design-pattern\design-patterns-basic\src\main\java\com\able\factory\simple\SimpleFactory.java
D:\project\design-pattern\design-patterns-basic\src\main\java\com\able\factory\simple\Test.java
D:\project\design-pattern\design-patterns-basic\src\main\java\com\able\factory\WiFiReciver.java
D:\project\design-pattern\design-patterns-basic\src\main\java\com\able\factory\WiFiSender.java
D:\project\design-pattern\design-patterns-basic\src\main\java\com\able\flyweight\Book.java
D:\project\design-pattern\design-patterns-basic\src\main\java\com\able\flyweight\ConcreteBook.java
D:\project\design-pattern\design-patterns-basic\src\main\java\com\able\flyweight\Library.java
D:\project\design-pattern\design-patterns-basic\src\main\java\com\able\flyweight\Student.java
D:\project\design-pattern\design-patterns-basic\src\main\java\com\able\Interceptor\AuthenticationFilter.java
D:\project\design-pattern\design-patterns-basic\src\main\java\com\able\Interceptor\Client.java
D:\project\design-pattern\design-patterns-basic\src\main\java\com\able\Interceptor\DebugFilter.java
D:\project\design-pattern\design-patterns-basic\src\main\java\com\able\Interceptor\Filter.java
D:\project\design-pattern\design-patterns-basic\src\main\java\com\able\Interceptor\FilterChain.java
D:\project\design-pattern\design-patterns-basic\src\main\java\com\able\Interceptor\FilterManager.java
D:\project\design-pattern\design-patterns-basic\src\main\java\com\able\Interceptor\InterceptingFilterDemo.java
D:\project\design-pattern\design-patterns-basic\src\main\java\com\able\Interceptor\Target.java
D:\project\design-pattern\design-patterns-basic\src\main\java\com\able\ioc\annotation\MyAutowired.java
D:\project\design-pattern\design-patterns-basic\src\main\java\com\able\ioc\annotation\MyComponent.java
D:\project\design-pattern\design-patterns-basic\src\main\java\com\able\ioc\beans\UserDao.java
D:\project\design-pattern\design-patterns-basic\src\main\java\com\able\ioc\beans\UserService.java
D:\project\design-pattern\design-patterns-basic\src\main\java\com\able\ioc\MyApplicationContext.java
D:\project\design-pattern\design-patterns-basic\src\main\java\com\able\ioc\Test.java
D:\project\design-pattern\design-patterns-basic\src\main\java\com\able\ioc\utils\IocUtil.java
D:\project\design-pattern\design-patterns-basic\src\main\java\com\able\observer\BinaryObserver.java
D:\project\design-pattern\design-patterns-basic\src\main\java\com\able\observer\Demo.java
D:\project\design-pattern\design-patterns-basic\src\main\java\com\able\observer\HexaObserver.java
D:\project\design-pattern\design-patterns-basic\src\main\java\com\able\observer\Observer.java
D:\project\design-pattern\design-patterns-basic\src\main\java\com\able\observer\OctalObserver.java
D:\project\design-pattern\design-patterns-basic\src\main\java\com\able\observer\Subject.java
D:\project\design-pattern\design-patterns-basic\src\main\java\com\able\prototype\CloneTarget.java
D:\project\design-pattern\design-patterns-basic\src\main\java\com\able\prototype\Prototype.java
D:\project\design-pattern\design-patterns-basic\src\main\java\com\able\prototype\Test.java
D:\project\design-pattern\design-patterns-basic\src\main\java\com\able\proxy\cglib\ProxyFactory.java
D:\project\design-pattern\design-patterns-basic\src\main\java\com\able\proxy\cglib\Test.java
D:\project\design-pattern\design-patterns-basic\src\main\java\com\able\proxy\common\IUserDao.java
D:\project\design-pattern\design-patterns-basic\src\main\java\com\able\proxy\common\UserDao.java
D:\project\design-pattern\design-patterns-basic\src\main\java\com\able\proxy\jdk\ProxyFactory.java
D:\project\design-pattern\design-patterns-basic\src\main\java\com\able\proxy\jdk\Test.java
D:\project\design-pattern\design-patterns-basic\src\main\java\com\able\proxy\jdk2\Admin.java
D:\project\design-pattern\design-patterns-basic\src\main\java\com\able\proxy\jdk2\AdminProxy.java
D:\project\design-pattern\design-patterns-basic\src\main\java\com\able\proxy\jdk2\Manager.java
D:\project\design-pattern\design-patterns-basic\src\main\java\com\able\proxy\jdk2\Proxy.java
D:\project\design-pattern\design-patterns-basic\src\main\java\com\able\proxy\jdk2\simulate\$Proxy0.java
D:\project\design-pattern\design-patterns-basic\src\main\java\com\able\proxy\jdk2\Test.java
D:\project\design-pattern\design-patterns-basic\src\main\java\com\able\proxy\jdk3\HeadHunting.java
D:\project\design-pattern\design-patterns-basic\src\main\java\com\able\proxy\jdk3\HeadHuntingProxyTest.java
D:\project\design-pattern\design-patterns-basic\src\main\java\com\able\proxy\jdk3\MyClassLoader.java
D:\project\design-pattern\design-patterns-basic\src\main\java\com\able\proxy\jdk3\MyInvocationHandler.java
D:\project\design-pattern\design-patterns-basic\src\main\java\com\able\proxy\jdk3\MyProxy.java
D:\project\design-pattern\design-patterns-basic\src\main\java\com\able\proxy\jdk3\Person.java
D:\project\design-pattern\design-patterns-basic\src\main\java\com\able\proxy\jdk3\TianBoGuang.java
D:\project\design-pattern\design-patterns-basic\src\main\java\com\able\proxy\statics\Test.java
D:\project\design-pattern\design-patterns-basic\src\main\java\com\able\proxy\statics\UserDaoProxy.java
D:\project\design-pattern\design-patterns-basic\src\main\java\com\able\singleton\enumeration\EnumSingleton.java
D:\project\design-pattern\design-patterns-basic\src\main\java\com\able\singleton\hunger\Hunger.java
D:\project\design-pattern\design-patterns-basic\src\main\java\com\able\singleton\lazy\LazyFive.java
D:\project\design-pattern\design-patterns-basic\src\main\java\com\able\singleton\lazy\LazyFour.java
D:\project\design-pattern\design-patterns-basic\src\main\java\com\able\singleton\lazy\LazyOne.java
D:\project\design-pattern\design-patterns-basic\src\main\java\com\able\singleton\lazy\LazyThree.java
D:\project\design-pattern\design-patterns-basic\src\main\java\com\able\singleton\lazy\LazyTwo.java
D:\project\design-pattern\design-patterns-basic\src\main\java\com\able\singleton\Singleton.java
D:\project\design-pattern\design-patterns-basic\src\main\java\com\able\socket\TcpSocketClient.java
D:\project\design-pattern\design-patterns-basic\src\main\java\com\able\socket\TcpSocketServer.java
D:\project\design-pattern\design-patterns-basic\src\main\java\com\able\strategy\AnnotationChargeStrategyFactory.java
D:\project\design-pattern\design-patterns-basic\src\main\java\com\able\strategy\annotations\ChargeTypeAnnotation.java
D:\project\design-pattern\design-patterns-basic\src\main\java\com\able\strategy\chargeport\Alipay.java
D:\project\design-pattern\design-patterns-basic\src\main\java\com\able\strategy\chargeport\ChargeStrategy.java
D:\project\design-pattern\design-patterns-basic\src\main\java\com\able\strategy\chargeport\UnionPay.java
D:\project\design-pattern\design-patterns-basic\src\main\java\com\able\strategy\chargeport\WechatPay.java
D:\project\design-pattern\design-patterns-basic\src\main\java\com\able\strategy\enums\ChargeType.java
D:\project\design-pattern\design-patterns-basic\src\main\java\com\able\strategy\Test.java
D:\project\design-pattern\design-patterns-basic\src\main\java\com\able\visitor\ConcreteVisitor.java
D:\project\design-pattern\design-patterns-basic\src\main\java\com\able\visitor\Element.java
D:\project\design-pattern\design-patterns-basic\src\main\java\com\able\visitor\ElementA.java
D:\project\design-pattern\design-patterns-basic\src\main\java\com\able\visitor\ElementB.java
D:\project\design-pattern\design-patterns-basic\src\main\java\com\able\visitor\ElementC.java
D:\project\design-pattern\design-patterns-basic\src\main\java\com\able\visitor\ObjectStructure.java
D:\project\design-pattern\design-patterns-basic\src\main\java\com\able\visitor\Test.java
D:\project\design-pattern\design-patterns-basic\src\main\java\com\able\visitor\Visitor.java
D:\project\design-pattern\design-patterns-basic\src\main\java\com\able\VolatileExample.java
